# JRE version: Java(TM) SE Runtime Environment (8.0_201-b09) (build 1.8.0_201-b09)
# Java VM: Java HotSpot(TM) 64-Bit Server VM (25.201-b09 mixed mode windows-amd64 compressed oops)
Heap:
 PSYoungGen      total 72704K, used 33458K [0x000000076b780000, 0x0000000770b00000, 0x00000007c0000000)
  eden space 72192K, 46% used [0x000000076b780000,0x000000076d7fc980,0x000000076fe00000)
  from space 512K, 37% used [0x0000000770a80000,0x0000000770ab0000,0x0000000770b00000)
  to   space 512K, 0% used [0x0000000770a00000,0x0000000770a00000,0x0000000770a80000)
 ParOldGen       total 428032K, used 347322K [0x00000006c2600000, 0x00000006dc800000, 0x000000076b780000)
  object space 428032K, 81% used [0x00000006c2600000,0x00000006d792ea30,0x00000006dc800000)
 Metaspace       used 38281K, capacity 38840K, committed 39040K, reserved 1085440K
  class space    used 3765K, capacity 3905K, committed 3968K, reserved 1048576K
GC Heap History (10 events):
Event: 6066.415 GC heap before
{Heap before GC invocations=1364 (full 4):
 PSYoungGen      total 77824K, used 77536K [0x000000076b780000, 0x0000000770b00000, 0x00000007c0000000)
  eden space 77312K, 100% used [0x000000076b780000,0x0000000770300000,0x0000000770300000)
  from space 512K, 43% used [0x0000000770a00000,0x0000000770a38000,0x0000000770a80000)
  to   space 512K, 0% used [0x0000000770a80000,0x0000000770a80000,0x0000000770b00000)
 ParOldGen       total 428032K, used 347322K [0x00000006c2600000, 0x00000006dc800000, 0x000000076b780000)
  object space 428032K, 81% used [0x00000006c2600000,0x00000006d792ea30,0x00000006dc800000)
 Metaspace       used 38281K, capacity 38840K, committed 39040K, reserved 1085440K
  class space    used 3765K, capacity 3905K, committed 3968K, reserved 1048576K
Event: 6066.416 GC heap after
Heap after GC invocations=1364 (full 4):
 PSYoungGen      total 76800K, used 160K [0x000000076b780000, 0x0000000770b00000, 0x00000007c0000000)
  eden space 76288K, 0% used [0x000000076b780000,0x000000076b780000,0x0000000770200000)
  from space 512K, 31% used [0x0000000770a80000,0x0000000770aa8000,0x0000000770b00000)
  to   space 512K, 0% used [0x0000000770a00000,0x0000000770a00000,0x0000000770a80000)
 ParOldGen       total 428032K, used 347322K [0x00000006c2600000, 0x00000006dc800000, 0x000000076b780000)
  object space 428032K, 81% used [0x00000006c2600000,0x00000006d792ea30,0x00000006dc800000)
 Metaspace       used 38281K, capacity 38840K, committed 39040K, reserved 1085440K
  class space    used 3765K, capacity 3905K, committed 3968K, reserved 1048576K
}
Event: 6066.845 GC heap before
{Heap before GC invocations=1365 (full 4):
 PSYoungGen      total 76800K, used 76448K [0x000000076b780000, 0x0000000770b00000, 0x00000007c0000000)
  eden space 76288K, 100% used [0x000000076b780000,0x0000000770200000,0x0000000770200000)
  from space 512K, 31% used [0x0000000770a80000,0x0000000770aa8000,0x0000000770b00000)
  to   space 512K, 0% used [0x0000000770a00000,0x0000000770a00000,0x0000000770a80000)
 ParOldGen       total 428032K, used 347322K [0x00000006c2600000, 0x00000006dc800000, 0x000000076b780000)
  object space 428032K, 81% used [0x00000006c2600000,0x00000006d792ea30,0x00000006dc800000)
 Metaspace       used 38281K, capacity 38840K, committed 39040K, reserved 1085440K
  class space    used 3765K, capacity 3905K, committed 3968K, reserved 1048576K
Event: 6066.847 GC heap after
Heap after GC invocations=1365 (full 4):
 PSYoungGen      total 75776K, used 224K [0x000000076b780000, 0x0000000770b00000, 0x00000007c0000000)
  eden space 75264K, 0% used [0x000000076b780000,0x000000076b780000,0x0000000770100000)
  from space 512K, 43% used [0x0000000770a00000,0x0000000770a38000,0x0000000770a80000)
  to   space 512K, 0% used [0x0000000770a80000,0x0000000770a80000,0x0000000770b00000)
 ParOldGen       total 428032K, used 347322K [0x00000006c2600000, 0x00000006dc800000, 0x000000076b780000)
  object space 428032K, 81% used [0x00000006c2600000,0x00000006d792ea30,0x00000006dc800000)
 Metaspace       used 38281K, capacity 38840K, committed 39040K, reserved 1085440K
  class space    used 3765K, capacity 3905K, committed 3968K, reserved 1048576K
}
Event: 6067.320 GC heap before
{Heap before GC invocations=1366 (full 4):
 PSYoungGen      total 75776K, used 75488K [0x000000076b780000, 0x0000000770b00000, 0x00000007c0000000)
  eden space 75264K, 100% used [0x000000076b780000,0x0000000770100000,0x0000000770100000)
  from space 512K, 43% used [0x0000000770a00000,0x0000000770a38000,0x0000000770a80000)
  to   space 512K, 0% used [0x0000000770a80000,0x0000000770a80000,0x0000000770b00000)
 ParOldGen       total 428032K, used 347322K [0x00000006c2600000, 0x00000006dc800000, 0x000000076b780000)
  object space 428032K, 81% used [0x00000006c2600000,0x00000006d792ea30,0x00000006dc800000)
 Metaspace       used 38281K, capacity 38840K, committed 39040K, reserved 1085440K
  class space    used 3765K, capacity 3905K, committed 3968K, reserved 1048576K
Event: 6067.321 GC heap after
Heap after GC invocations=1366 (full 4):
 PSYoungGen      total 74752K, used 192K [0x000000076b780000, 0x0000000770b00000, 0x00000007c0000000)
  eden space 74240K, 0% used [0x000000076b780000,0x000000076b780000,0x0000000770000000)
  from space 512K, 37% used [0x0000000770a80000,0x0000000770ab0000,0x0000000770b00000)
  to   space 512K, 0% used [0x0000000770a00000,0x0000000770a00000,0x0000000770a80000)
 ParOldGen       total 428032K, used 347322K [0x00000006c2600000, 0x00000006dc800000, 0x000000076b780000)
  object space 428032K, 81% used [0x00000006c2600000,0x00000006d792ea30,0x00000006dc800000)
 Metaspace       used 38281K, capacity 38840K, committed 39040K, reserved 1085440K
  class space    used 3765K, capacity 3905K, committed 3968K, reserved 1048576K
}
Event: 6067.939 GC heap before
{Heap before GC invocations=1367 (full 4):
 PSYoungGen      total 74752K, used 74432K [0x000000076b780000, 0x0000000770b00000, 0x00000007c0000000)
  eden space 74240K, 100% used [0x000000076b780000,0x0000000770000000,0x0000000770000000)
  from space 512K, 37% used [0x0000000770a80000,0x0000000770ab0000,0x0000000770b00000)
  to   space 512K, 0% used [0x0000000770a00000,0x0000000770a00000,0x0000000770a80000)
 ParOldGen       total 428032K, used 347322K [0x00000006c2600000, 0x00000006dc800000, 0x000000076b780000)
  object space 428032K, 81% used [0x00000006c2600000,0x00000006d792ea30,0x00000006dc800000)
 Metaspace       used 38281K, capacity 38840K, committed 39040K, reserved 1085440K
  class space    used 3765K, capacity 3905K, committed 3968K, reserved 1048576K
Event: 6067.940 GC heap after
Heap after GC invocations=1367 (full 4):
 PSYoungGen      total 73728K, used 192K [0x000000076b780000, 0x0000000770b00000, 0x00000007c0000000)
  eden space 73216K, 0% used [0x000000076b780000,0x000000076b780000,0x000000076ff00000)
  from space 512K, 37% used [0x0000000770a00000,0x0000000770a30000,0x0000000770a80000)
  to   space 512K, 0% used [0x0000000770a80000,0x0000000770a80000,0x0000000770b00000)
 ParOldGen       total 428032K, used 347322K [0x00000006c2600000, 0x00000006dc800000, 0x000000076b780000)
  object space 428032K, 81% used [0x00000006c2600000,0x00000006d792ea30,0x00000006dc800000)
 Metaspace       used 38281K, capacity 38840K, committed 39040K, reserved 1085440K
  class space    used 3765K, capacity 3905K, committed 3968K, reserved 1048576K
}
Event: 6072.583 GC heap before
{Heap before GC invocations=1368 (full 4):
 PSYoungGen      total 73728K, used 73408K [0x000000076b780000, 0x0000000770b00000, 0x00000007c0000000)
  eden space 73216K, 100% used [0x000000076b780000,0x000000076ff00000,0x000000076ff00000)
  from space 512K, 37% used [0x0000000770a00000,0x0000000770a30000,0x0000000770a80000)
  to   space 512K, 0% used [0x0000000770a80000,0x0000000770a80000,0x0000000770b00000)
 ParOldGen       total 428032K, used 347322K [0x00000006c2600000, 0x00000006dc800000, 0x000000076b780000)
  object space 428032K, 81% used [0x00000006c2600000,0x00000006d792ea30,0x00000006dc800000)
 Metaspace       used 38281K, capacity 38840K, committed 39040K, reserved 1085440K
  class space    used 3765K, capacity 3905K, committed 3968K, reserved 1048576K
Event: 6072.585 GC heap after
Heap after GC invocations=1368 (full 4):
 PSYoungGen      total 72704K, used 192K [0x000000076b780000, 0x0000000770b00000, 0x00000007c0000000)
  eden space 72192K, 0% used [0x000000076b780000,0x000000076b780000,0x000000076fe00000)
  from space 512K, 37% used [0x0000000770a80000,0x0000000770ab0000,0x0000000770b00000)
  to   space 512K, 0% used [0x0000000770a00000,0x0000000770a00000,0x0000000770a80000)
 ParOldGen       total 428032K, used 347322K [0x00000006c2600000, 0x00000006dc800000, 0x000000076b780000)
  object space 428032K, 81% used [0x00000006c2600000,0x00000006d792ea30,0x00000006dc800000)
 Metaspace       used 38281K, capacity 38840K, committed 39040K, reserved 1085440K
  class space    used 3765K, capacity 3905K, committed 3968K, reserved 1048576K
}

